# JRE version: OpenJDK Runtime Environment (11.0.11+9) (build 11.0.11+9-b60-7590822)
# Java VM: OpenJDK 64-Bit Server VM (11.0.11+9-b60-7590822, mixed mode, tiered, compressed oops, g1 gc, windows-amd64)
Heap:
 garbage-first heap   total 227328K, used 153920K [0x0000000080000000, 0x0000000100000000)
  region size 1024K, 8 young (8192K), 4 survivors (4096K)
 Metaspace       used 131529K, capacity 135326K, committed 135500K, reserved 1167360K
  class space    used 16265K, capacity 17678K, committed 17740K, reserved 1048576K
GC Heap History (20 events):
Event: 1064.960 GC heap before
{Heap before GC invocations=77 (full 0):
 garbage-first heap   total 227328K, used 177636K [0x0000000080000000, 0x0000000100000000)
  region size 1024K, 68 young (69632K), 9 survivors (9216K)
 Metaspace       used 129432K, capacity 133039K, committed 133196K, reserved 1165312K
  class space    used 16030K, capacity 17381K, committed 17484K, reserved 1048576K
}
Event: 1064.984 GC heap after
{Heap after GC invocations=78 (full 0):
 garbage-first heap   total 227328K, used 123285K [0x0000000080000000, 0x0000000100000000)
  region size 1024K, 9 young (9216K), 9 survivors (9216K)
 Metaspace       used 129432K, capacity 133039K, committed 133196K, reserved 1165312K
  class space    used 16030K, capacity 17381K, committed 17484K, reserved 1048576K
}
Event: 1065.019 GC heap before
{Heap before GC invocations=78 (full 0):
 garbage-first heap   total 227328K, used 124309K [0x0000000080000000, 0x0000000100000000)
  region size 1024K, 11 young (11264K), 9 survivors (9216K)
 Metaspace       used 129438K, capacity 133039K, committed 133196K, reserved 1165312K
  class space    used 16030K, capacity 17381K, committed 17484K, reserved 1048576K
}
Event: 1065.035 GC heap after
{Heap after GC invocations=79 (full 0):
 garbage-first heap   total 227328K, used 117167K [0x0000000080000000, 0x0000000100000000)
  region size 1024K, 2 young (2048K), 2 survivors (2048K)
 Metaspace       used 129438K, capacity 133039K, committed 133196K, reserved 1165312K
  class space    used 16030K, capacity 17381K, committed 17484K, reserved 1048576K
}
Event: 1065.378 GC heap before
{Heap before GC invocations=79 (full 0):
 garbage-first heap   total 227328K, used 172463K [0x0000000080000000, 0x0000000100000000)
  region size 1024K, 56 young (57344K), 2 survivors (2048K)
 Metaspace       used 129458K, capacity 133103K, committed 133452K, reserved 1165312K
  class space    used 16030K, capacity 17381K, committed 17484K, reserved 1048576K
}
Event: 1065.384 GC heap after
{Heap after GC invocations=80 (full 0):
 garbage-first heap   total 227328K, used 116429K [0x0000000080000000, 0x0000000100000000)
  region size 1024K, 1 young (1024K), 1 survivors (1024K)
 Metaspace       used 129458K, capacity 133103K, committed 133452K, reserved 1165312K
  class space    used 16030K, capacity 17381K, committed 17484K, reserved 1048576K
}
Event: 1066.166 GC heap before
{Heap before GC invocations=81 (full 0):
 garbage-first heap   total 227328K, used 192205K [0x0000000080000000, 0x0000000100000000)
  region size 1024K, 60 young (61440K), 1 survivors (1024K)
 Metaspace       used 129551K, capacity 133145K, committed 133452K, reserved 1165312K
  class space    used 16037K, capacity 17391K, committed 17484K, reserved 1048576K
}
Event: 1066.173 GC heap after
{Heap after GC invocations=82 (full 0):
 garbage-first heap   total 227328K, used 118944K [0x0000000080000000, 0x0000000100000000)
  region size 1024K, 4 young (4096K), 4 survivors (4096K)
 Metaspace       used 129551K, capacity 133145K, committed 133452K, reserved 1165312K
  class space    used 16037K, capacity 17391K, committed 17484K, reserved 1048576K
}
Event: 1066.350 GC heap before
{Heap before GC invocations=82 (full 0):
 garbage-first heap   total 227328K, used 126112K [0x0000000080000000, 0x0000000100000000)
  region size 1024K, 11 young (11264K), 4 survivors (4096K)
 Metaspace       used 129555K, capacity 133209K, committed 133452K, reserved 1165312K
  class space    used 16037K, capacity 17391K, committed 17484K, reserved 1048576K
}
Event: 1066.358 GC heap after
{Heap after GC invocations=83 (full 0):
 garbage-first heap   total 227328K, used 114670K [0x0000000080000000, 0x0000000100000000)
  region size 1024K, 1 young (1024K), 1 survivors (1024K)
 Metaspace       used 129555K, capacity 133209K, committed 133452K, reserved 1165312K
  class space    used 16037K, capacity 17391K, committed 17484K, reserved 1048576K
}
Event: 1067.638 GC heap before
{Heap before GC invocations=83 (full 0):
 garbage-first heap   total 227328K, used 172014K [0x0000000080000000, 0x0000000100000000)
  region size 1024K, 59 young (60416K), 1 survivors (1024K)
 Metaspace       used 130804K, capacity 134465K, committed 134604K, reserved 1167360K
  class space    used 16192K, capacity 17592K, committed 17612K, reserved 1048576K
}
Event: 1067.646 GC heap after
{Heap after GC invocations=84 (full 0):
 garbage-first heap   total 227328K, used 116170K [0x0000000080000000, 0x0000000100000000)
  region size 1024K, 2 young (2048K), 2 survivors (2048K)
 Metaspace       used 130804K, capacity 134465K, committed 134604K, reserved 1167360K
  class space    used 16192K, capacity 17592K, committed 17612K, reserved 1048576K
}
Event: 1068.551 GC heap before
{Heap before GC invocations=85 (full 0):
 garbage-first heap   total 227328K, used 179105K [0x0000000080000000, 0x0000000100000000)
  region size 1024K, 65 young (66560K), 2 survivors (2048K)
 Metaspace       used 131108K, capacity 134740K, committed 134860K, reserved 1167360K
  class space    used 16205K, capacity 17596K, committed 17612K, reserved 1048576K
}
Event: 1068.587 GC heap after
{Heap after GC invocations=86 (full 0):
 garbage-first heap   total 227328K, used 140083K [0x0000000080000000, 0x0000000100000000)
  region size 1024K, 9 young (9216K), 9 survivors (9216K)
 Metaspace       used 131108K, capacity 134740K, committed 134860K, reserved 1167360K
  class space    used 16205K, capacity 17596K, committed 17612K, reserved 1048576K
}
Event: 1068.611 GC heap before
{Heap before GC invocations=86 (full 0):
 garbage-first heap   total 227328K, used 142131K [0x0000000080000000, 0x0000000100000000)
  region size 1024K, 11 young (11264K), 9 survivors (9216K)
 Metaspace       used 131108K, capacity 134740K, committed 134860K, reserved 1167360K
  class space    used 16205K, capacity 17596K, committed 17612K, reserved 1048576K
}
Event: 1068.636 GC heap after
{Heap after GC invocations=87 (full 0):
 garbage-first heap   total 227328K, used 132079K [0x0000000080000000, 0x0000000100000000)
  region size 1024K, 2 young (2048K), 2 survivors (2048K)
 Metaspace       used 131108K, capacity 134740K, committed 134860K, reserved 1167360K
  class space    used 16205K, capacity 17596K, committed 17612K, reserved 1048576K
}
Event: 1068.986 GC heap before
{Heap before GC invocations=87 (full 0):
 garbage-first heap   total 227328K, used 174063K [0x0000000080000000, 0x0000000100000000)
  region size 1024K, 44 young (45056K), 2 survivors (2048K)
 Metaspace       used 131201K, capacity 134908K, committed 135116K, reserved 1167360K
  class space    used 16213K, capacity 17607K, committed 17612K, reserved 1048576K
}
Event: 1069.009 GC heap after
{Heap after GC invocations=88 (full 0):
 garbage-first heap   total 227328K, used 145408K [0x0000000080000000, 0x0000000100000000)
  region size 1024K, 6 young (6144K), 6 survivors (6144K)
 Metaspace       used 131201K, capacity 134908K, committed 135116K, reserved 1167360K
  class space    used 16213K, capacity 17607K, committed 17612K, reserved 1048576K
}
Event: 1069.377 GC heap before
{Heap before GC invocations=88 (full 0):
 garbage-first heap   total 227328K, used 176128K [0x0000000080000000, 0x0000000100000000)
  region size 1024K, 40 young (40960K), 6 survivors (6144K)
 Metaspace       used 131238K, capacity 134909K, committed 135116K, reserved 1167360K
  class space    used 16214K, capacity 17607K, committed 17612K, reserved 1048576K
}
Event: 1069.399 GC heap after
{Heap after GC invocations=89 (full 0):
 garbage-first heap   total 227328K, used 147743K [0x0000000080000000, 0x0000000100000000)
  region size 1024K, 5 young (5120K), 5 survivors (5120K)
 Metaspace       used 131238K, capacity 134909K, committed 135116K, reserved 1167360K
  class space    used 16214K, capacity 17607K, committed 17612K, reserved 1048576K
}

